<?xml version="1.0" encoding="UTF-8"?>
<!-- Generated by org.testng.reporters.JUnitReportReporter -->
<testsuite hostname="DESKTOP-U8GTKB3" failures="0" tests="1" name="E2ETesting.ErrorValidations" time="63.684" errors="0" timestamp="2024-04-23T17:06:39 IST" skipped="0">
  <testcase classname="E2ETesting.ErrorValidations" name="LoginErrorValidation" time="63.684"/>
</testsuite> <!-- E2ETesting.ErrorValidations -->
